This file contains any messages produced by compilers while
running configure, to aid debugging if configure makes a mistake.

It was created by libipfix configure 1.0, which was
generated by GNU Autoconf 2.61.  Invocation command line was

  $ ./configure 

## --------- ##
## Platform. ##
## --------- ##

hostname = bgl-ads-2882
uname -m = x86_64
uname -r = 2.6.32-696.18.7.el6.x86_64
uname -s = Linux
uname -v = #1 SMP Thu Dec 28 20:15:47 EST 2017

/usr/bin/uname -p = unknown
/bin/uname -X     = unknown

/bin/arch              = x86_64
/usr/bin/arch -k       = unknown
/usr/convex/getsysinfo = unknown
/usr/bin/hostinfo      = unknown
/bin/machine           = unknown
/usr/bin/oslevel       = unknown
/bin/universe          = unknown

PATH: /auto/ses/bin/
PATH: /auto/binos-tools/bin
PATH: /router/bin
PATH: /usr/atria/bin
PATH: /usr/cisco/bin
PATH: /usr/cisco/etc
PATH: /users/sdubal/bin
PATH: /bin
PATH: /usr/X11R6/bin
PATH: /usr/sbin
PATH: /sbin
PATH: /usr/bin
PATH: /usr/cisco/bin
PATH: .


## ----------- ##
## Core tests. ##
## ----------- ##

configure:1766: checking build system type
configure:1784: result: x86_64-unknown-linux-gnu
configure:1806: checking host system type
configure:1821: result: x86_64-unknown-linux-gnu
configure:1843: checking target system type
configure:1858: result: x86_64-unknown-linux-gnu
configure:1939: checking for gcc
configure:1955: found /usr/bin/gcc
configure:1966: result: gcc
configure:2204: checking for C compiler version
configure:2211: gcc --version >&5
gcc (GCC) 4.4.7 20120313 (Red Hat 4.4.7-18)
Copyright (C) 2010 Free Software Foundation, Inc.
This is free software; see the source for copying conditions.  There is NO
warranty; not even for MERCHANTABILITY or FITNESS FOR A PARTICULAR PURPOSE.

configure:2214: $? = 0
configure:2221: gcc -v >&5
Using built-in specs.
Target: x86_64-redhat-linux
Configured with: ../configure --prefix=/usr --mandir=/usr/share/man --infodir=/usr/share/info --with-bugurl=http://bugzilla.redhat.com/bugzilla --enable-bootstrap --enable-shared --enable-threads=posix --enable-checking=release --with-system-zlib --enable-__cxa_atexit --disable-libunwind-exceptions --enable-gnu-unique-object --enable-languages=c,c++,objc,obj-c++,java,fortran,ada --enable-java-awt=gtk --disable-dssi --with-java-home=/usr/lib/jvm/java-1.5.0-gcj-1.5.0.0/jre --enable-libgcj-multifile --enable-java-maintainer-mode --with-ecj-jar=/usr/share/java/eclipse-ecj.jar --disable-libjava-multilib --with-ppl --with-cloog --with-tune=generic --with-arch_32=i686 --build=x86_64-redhat-linux
Thread model: posix
gcc version 4.4.7 20120313 (Red Hat 4.4.7-18) (GCC) 
configure:2224: $? = 0
configure:2231: gcc -V >&5
gcc: '-V' option must have argument
configure:2234: $? = 1
configure:2257: checking for C compiler default output file name
configure:2284: gcc    conftest.c  >&5
configure:2287: $? = 0
configure:2325: result: a.out
configure:2342: checking whether the C compiler works
configure:2352: ./a.out
configure:2355: $? = 0
configure:2372: result: yes
configure:2379: checking whether we are cross compiling
configure:2381: result: no
configure:2384: checking for suffix of executables
configure:2391: gcc -o conftest    conftest.c  >&5
configure:2394: $? = 0
configure:2418: result: 
configure:2424: checking for suffix of object files
configure:2450: gcc -c   conftest.c >&5
configure:2453: $? = 0
configure:2476: result: o
configure:2480: checking whether we are using the GNU C compiler
configure:2509: gcc -c   conftest.c >&5
configure:2515: $? = 0
configure:2532: result: yes
configure:2537: checking whether gcc accepts -g
configure:2567: gcc -c -g  conftest.c >&5
configure:2573: $? = 0
configure:2672: result: yes
configure:2689: checking for gcc option to accept ISO C89
configure:2763: gcc  -c -g -O2  conftest.c >&5
configure:2769: $? = 0
configure:2792: result: none needed
configure:2823: checking for a BSD-compatible install
configure:2879: result: /usr/bin/install -c
configure:2892: checking for openssl
configure:2910: found /router/bin/openssl
configure:2923: result: /router/bin/openssl
configure:3045: checking enable tls/dtls support
configure:3158: result: no
configure:3175: checking for mysql_init in -lmysqlclient
configure:3210: gcc -o conftest -g -O2   conftest.c -lmysqlclient   >&5
/usr/bin/ld: cannot find -lmysqlclient
collect2: ld returned 1 exit status
configure:3216: $? = 1
configure: failed program was:
| /* confdefs.h.  */
| #define PACKAGE_NAME "libipfix"
| #define PACKAGE_TARNAME "libipfix"
| #define PACKAGE_VERSION "1.0"
| #define PACKAGE_STRING "libipfix 1.0"
| #define PACKAGE_BUGREPORT ""
| /* end confdefs.h.  */
| 
| /* Override any GCC internal prototype to avoid an error.
|    Use char because int might match the return type of a GCC
|    builtin and then its argument prototype would still apply.  */
| #ifdef __cplusplus
| extern "C"
| #endif
| char mysql_init ();
| int
| main ()
| {
| return mysql_init ();
|   ;
|   return 0;
| }
configure:3234: result: no
configure:3239: WARNING: cannot find mysql library
configure:3257: checking for pcap_open_live in -lpcap
configure:3292: gcc -o conftest -g -O2   conftest.c -lpcap   >&5
configure:3298: $? = 0
configure:3317: result: yes
configure:3334: checking for pcap_breakloop
configure:3390: gcc -o conftest -g -O2   conftest.c  -lpcap >&5
configure:3396: $? = 0
configure:3414: result: yes
configure:3334: checking for pcap_freecode
configure:3390: gcc -o conftest -g -O2   conftest.c  -lpcap >&5
configure:3396: $? = 0
configure:3414: result: yes
configure:3437: checking how to run the C preprocessor
configure:3477: gcc -E  conftest.c
configure:3483: $? = 0
configure:3514: gcc -E  conftest.c
conftest.c:10:28: error: ac_nonexistent.h: No such file or directory
configure:3520: $? = 1
configure: failed program was:
| /* confdefs.h.  */
| #define PACKAGE_NAME "libipfix"
| #define PACKAGE_TARNAME "libipfix"
| #define PACKAGE_VERSION "1.0"
| #define PACKAGE_STRING "libipfix 1.0"
| #define PACKAGE_BUGREPORT ""
| #define HAVE_PCAP_BREAKLOOP 1
| #define HAVE_PCAP_FREECODE 1
| /* end confdefs.h.  */
| #include <ac_nonexistent.h>
configure:3553: result: gcc -E
configure:3582: gcc -E  conftest.c
configure:3588: $? = 0
configure:3619: gcc -E  conftest.c
conftest.c:10:28: error: ac_nonexistent.h: No such file or directory
configure:3625: $? = 1
configure: failed program was:
| /* confdefs.h.  */
| #define PACKAGE_NAME "libipfix"
| #define PACKAGE_TARNAME "libipfix"
| #define PACKAGE_VERSION "1.0"
| #define PACKAGE_STRING "libipfix 1.0"
| #define PACKAGE_BUGREPORT ""
| #define HAVE_PCAP_BREAKLOOP 1
| #define HAVE_PCAP_FREECODE 1
| /* end confdefs.h.  */
| #include <ac_nonexistent.h>
configure:3663: checking for grep that handles long lines and -e
configure:3737: result: /router/bin/grep
configure:3742: checking for egrep
configure:3820: result: /router/bin/grep -E
configure:3825: checking for ANSI C header files
configure:3855: gcc -c -g -O2  conftest.c >&5
configure:3861: $? = 0
configure:3960: gcc -o conftest -g -O2   conftest.c  >&5
configure:3963: $? = 0
configure:3969: ./conftest
configure:3972: $? = 0
configure:3989: result: yes
configure:4013: checking for sys/types.h
configure:4034: gcc -c -g -O2  conftest.c >&5
configure:4040: $? = 0
configure:4056: result: yes
configure:4013: checking for sys/stat.h
configure:4034: gcc -c -g -O2  conftest.c >&5
configure:4040: $? = 0
configure:4056: result: yes
configure:4013: checking for stdlib.h
configure:4034: gcc -c -g -O2  conftest.c >&5
configure:4040: $? = 0
configure:4056: result: yes
configure:4013: checking for string.h
configure:4034: gcc -c -g -O2  conftest.c >&5
configure:4040: $? = 0
configure:4056: result: yes
configure:4013: checking for memory.h
configure:4034: gcc -c -g -O2  conftest.c >&5
configure:4040: $? = 0
configure:4056: result: yes
configure:4013: checking for strings.h
configure:4034: gcc -c -g -O2  conftest.c >&5
configure:4040: $? = 0
configure:4056: result: yes
configure:4013: checking for inttypes.h
configure:4034: gcc -c -g -O2  conftest.c >&5
configure:4040: $? = 0
configure:4056: result: yes
configure:4013: checking for stdint.h
configure:4034: gcc -c -g -O2  conftest.c >&5
configure:4040: $? = 0
configure:4056: result: yes
configure:4013: checking for unistd.h
configure:4034: gcc -c -g -O2  conftest.c >&5
configure:4040: $? = 0
configure:4056: result: yes
configure:4095: checking arpa/inet.h usability
configure:4112: gcc -c -g -O2  conftest.c >&5
configure:4118: $? = 0
configure:4132: result: yes
configure:4136: checking arpa/inet.h presence
configure:4151: gcc -E  conftest.c
configure:4157: $? = 0
configure:4171: result: yes
configure:4199: checking for arpa/inet.h
configure:4207: result: yes
configure:4095: checking fcntl.h usability
configure:4112: gcc -c -g -O2  conftest.c >&5
configure:4118: $? = 0
configure:4132: result: yes
configure:4136: checking fcntl.h presence
configure:4151: gcc -E  conftest.c
configure:4157: $? = 0
configure:4171: result: yes
configure:4199: checking for fcntl.h
configure:4207: result: yes
configure:4085: checking for inttypes.h
configure:4091: result: yes
configure:4095: checking limits.h usability
configure:4112: gcc -c -g -O2  conftest.c >&5
configure:4118: $? = 0
configure:4132: result: yes
configure:4136: checking limits.h presence
configure:4151: gcc -E  conftest.c
configure:4157: $? = 0
configure:4171: result: yes
configure:4199: checking for limits.h
configure:4207: result: yes
configure:4095: checking netdb.h usability
configure:4112: gcc -c -g -O2  conftest.c >&5
configure:4118: $? = 0
configure:4132: result: yes
configure:4136: checking netdb.h presence
configure:4151: gcc -E  conftest.c
configure:4157: $? = 0
configure:4171: result: yes
configure:4199: checking for netdb.h
configure:4207: result: yes
configure:4095: checking netinet/in.h usability
configure:4112: gcc -c -g -O2  conftest.c >&5
configure:4118: $? = 0
configure:4132: result: yes
configure:4136: checking netinet/in.h presence
configure:4151: gcc -E  conftest.c
configure:4157: $? = 0
configure:4171: result: yes
configure:4199: checking for netinet/in.h
configure:4207: result: yes
configure:4085: checking for stdlib.h
configure:4091: result: yes
configure:4085: checking for string.h
configure:4091: result: yes
configure:4095: checking sys/socket.h usability
configure:4112: gcc -c -g -O2  conftest.c >&5
configure:4118: $? = 0
configure:4132: result: yes
configure:4136: checking sys/socket.h presence
configure:4151: gcc -E  conftest.c
configure:4157: $? = 0
configure:4171: result: yes
configure:4199: checking for sys/socket.h
configure:4207: result: yes
configure:4095: checking sys/time.h usability
configure:4112: gcc -c -g -O2  conftest.c >&5
configure:4118: $? = 0
configure:4132: result: yes
configure:4136: checking sys/time.h presence
configure:4151: gcc -E  conftest.c
configure:4157: $? = 0
configure:4171: result: yes
configure:4199: checking for sys/time.h
configure:4207: result: yes
configure:4085: checking for unistd.h
configure:4091: result: yes
configure:4095: checking getopt.h usability
configure:4112: gcc -c -g -O2  conftest.c >&5
configure:4118: $? = 0
configure:4132: result: yes
configure:4136: checking getopt.h presence
configure:4151: gcc -E  conftest.c
configure:4157: $? = 0
configure:4171: result: yes
configure:4199: checking for getopt.h
configure:4207: result: yes
configure:4095: checking libgen.h usability
configure:4112: gcc -c -g -O2  conftest.c >&5
configure:4118: $? = 0
configure:4132: result: yes
configure:4136: checking libgen.h presence
configure:4151: gcc -E  conftest.c
configure:4157: $? = 0
configure:4171: result: yes
configure:4199: checking for libgen.h
configure:4207: result: yes
configure:4222: checking for an ANSI C-conforming const
configure:4297: gcc -c -g -O2  conftest.c >&5
configure:4303: $? = 0
configure:4318: result: yes
configure:4328: checking for size_t
configure:4358: gcc -c -g -O2  conftest.c >&5
configure:4364: $? = 0
configure:4379: result: yes
configure:4391: checking whether time.h and sys/time.h may both be included
configure:4421: gcc -c -g -O2  conftest.c >&5
configure:4427: $? = 0
configure:4442: result: yes
configure:4452: checking for working volatile
configure:4481: gcc -c -g -O2  conftest.c >&5
configure:4487: $? = 0
configure:4502: result: yes
configure:4530: checking sys/select.h usability
configure:4547: gcc -c -g -O2  conftest.c >&5
configure:4553: $? = 0
configure:4567: result: yes
configure:4571: checking sys/select.h presence
configure:4586: gcc -E  conftest.c
configure:4592: $? = 0
configure:4606: result: yes
configure:4634: checking for sys/select.h
configure:4642: result: yes
configure:4520: checking for sys/socket.h
configure:4526: result: yes
configure:4655: checking types of arguments for select
configure:4693: gcc -c -g -O2  conftest.c >&5
configure:4699: $? = 0
configure:4720: result: int,fd_set *,struct timeval *
configure:4743: checking return type of signal handlers
configure:4771: gcc -c -g -O2  conftest.c >&5
conftest.c: In function 'main':
conftest.c:45: error: void value not ignored as it ought to be
configure:4777: $? = 1
configure: failed program was:
| /* confdefs.h.  */
| #define PACKAGE_NAME "libipfix"
| #define PACKAGE_TARNAME "libipfix"
| #define PACKAGE_VERSION "1.0"
| #define PACKAGE_STRING "libipfix 1.0"
| #define PACKAGE_BUGREPORT ""
| #define HAVE_PCAP_BREAKLOOP 1
| #define HAVE_PCAP_FREECODE 1
| #define STDC_HEADERS 1
| #define HAVE_SYS_TYPES_H 1
| #define HAVE_SYS_STAT_H 1
| #define HAVE_STDLIB_H 1
| #define HAVE_STRING_H 1
| #define HAVE_MEMORY_H 1
| #define HAVE_STRINGS_H 1
| #define HAVE_INTTYPES_H 1
| #define HAVE_STDINT_H 1
| #define HAVE_UNISTD_H 1
| #define HAVE_ARPA_INET_H 1
| #define HAVE_FCNTL_H 1
| #define HAVE_INTTYPES_H 1
| #define HAVE_LIMITS_H 1
| #define HAVE_NETDB_H 1
| #define HAVE_NETINET_IN_H 1
| #define HAVE_STDLIB_H 1
| #define HAVE_STRING_H 1
| #define HAVE_SYS_SOCKET_H 1
| #define HAVE_SYS_TIME_H 1
| #define HAVE_UNISTD_H 1
| #define HAVE_GETOPT_H 1
| #define HAVE_LIBGEN_H 1
| #define TIME_WITH_SYS_TIME 1
| #define HAVE_SYS_SELECT_H 1
| #define HAVE_SYS_SOCKET_H 1
| #define SELECT_TYPE_ARG1 int
| #define SELECT_TYPE_ARG234 (fd_set *)
| #define SELECT_TYPE_ARG5 (struct timeval *)
| /* end confdefs.h.  */
| #include <sys/types.h>
| #include <signal.h>
| 
| int
| main ()
| {
| return *(signal (0, 0)) (0) == 1;
|   ;
|   return 0;
| }
configure:4792: result: void
configure:4804: checking for strftime
configure:4860: gcc -o conftest -g -O2   conftest.c  >&5
conftest.c:63: warning: conflicting types for built-in function 'strftime'
configure:4866: $? = 0
configure:4884: result: yes
configure:4969: checking for vprintf
configure:5025: gcc -o conftest -g -O2   conftest.c  >&5
conftest.c:64: warning: conflicting types for built-in function 'vprintf'
configure:5031: $? = 0
configure:5049: result: yes
configure:5056: checking for _doprnt
configure:5112: gcc -o conftest -g -O2   conftest.c  >&5
/tmp/cc0OZqIn.o: In function `main':
/users/sdubal/IPfix/libipfix_110224/conftest.c:76: undefined reference to `_doprnt'
collect2: ld returned 1 exit status
configure:5118: $? = 1
configure: failed program was:
| /* confdefs.h.  */
| #define PACKAGE_NAME "libipfix"
| #define PACKAGE_TARNAME "libipfix"
| #define PACKAGE_VERSION "1.0"
| #define PACKAGE_STRING "libipfix 1.0"
| #define PACKAGE_BUGREPORT ""
| #define HAVE_PCAP_BREAKLOOP 1
| #define HAVE_PCAP_FREECODE 1
| #define STDC_HEADERS 1
| #define HAVE_SYS_TYPES_H 1
| #define HAVE_SYS_STAT_H 1
| #define HAVE_STDLIB_H 1
| #define HAVE_STRING_H 1
| #define HAVE_MEMORY_H 1
| #define HAVE_STRINGS_H 1
| #define HAVE_INTTYPES_H 1
| #define HAVE_STDINT_H 1
| #define HAVE_UNISTD_H 1
| #define HAVE_ARPA_INET_H 1
| #define HAVE_FCNTL_H 1
| #define HAVE_INTTYPES_H 1
| #define HAVE_LIMITS_H 1
| #define HAVE_NETDB_H 1
| #define HAVE_NETINET_IN_H 1
| #define HAVE_STDLIB_H 1
| #define HAVE_STRING_H 1
| #define HAVE_SYS_SOCKET_H 1
| #define HAVE_SYS_TIME_H 1
| #define HAVE_UNISTD_H 1
| #define HAVE_GETOPT_H 1
| #define HAVE_LIBGEN_H 1
| #define TIME_WITH_SYS_TIME 1
| #define HAVE_SYS_SELECT_H 1
| #define HAVE_SYS_SOCKET_H 1
| #define SELECT_TYPE_ARG1 int
| #define SELECT_TYPE_ARG234 (fd_set *)
| #define SELECT_TYPE_ARG5 (struct timeval *)
| #define RETSIGTYPE void
| #define HAVE_STRFTIME 1
| #define HAVE_VPRINTF 1
| /* end confdefs.h.  */
| /* Define _doprnt to an innocuous variant, in case <limits.h> declares _doprnt.
|    For example, HP-UX 11i <limits.h> declares gettimeofday.  */
| #define _doprnt innocuous__doprnt
| 
| /* System header to define __stub macros and hopefully few prototypes,
|     which can conflict with char _doprnt (); below.
|     Prefer <limits.h> to <assert.h> if __STDC__ is defined, since
|     <limits.h> exists even on freestanding compilers.  */
| 
| #ifdef __STDC__
| # include <limits.h>
| #else
| # include <assert.h>
| #endif
| 
| #undef _doprnt
| 
| /* Override any GCC internal prototype to avoid an error.
|    Use char because int might match the return type of a GCC
|    builtin and then its argument prototype would still apply.  */
| #ifdef __cplusplus
| extern "C"
| #endif
| char _doprnt ();
| /* The GNU C library defines this for functions which it implements
|     to always fail with ENOSYS.  Some functions are actually named
|     something starting with __ and the normal name is an alias.  */
| #if defined __stub__doprnt || defined __stub____doprnt
| choke me
| #endif
| 
| int
| main ()
| {
| return _doprnt ();
|   ;
|   return 0;
| }
configure:5135: result: no
configure:5161: checking for gettimeofday
configure:5217: gcc -o conftest -g -O2   conftest.c  >&5
configure:5223: $? = 0
configure:5241: result: yes
configure:5161: checking for basename
configure:5217: gcc -o conftest -g -O2   conftest.c  >&5
configure:5223: $? = 0
configure:5241: result: yes
configure:5161: checking for inet_ntoa
configure:5217: gcc -o conftest -g -O2   conftest.c  >&5
configure:5223: $? = 0
configure:5241: result: yes
configure:5161: checking for memmove
configure:5217: gcc -o conftest -g -O2   conftest.c  >&5
conftest.c:68: warning: conflicting types for built-in function 'memmove'
configure:5223: $? = 0
configure:5241: result: yes
configure:5161: checking for memset
configure:5217: gcc -o conftest -g -O2   conftest.c  >&5
conftest.c:69: warning: conflicting types for built-in function 'memset'
configure:5223: $? = 0
configure:5241: result: yes
configure:5161: checking for mkdir
configure:5217: gcc -o conftest -g -O2   conftest.c  >&5
configure:5223: $? = 0
configure:5241: result: yes
configure:5161: checking for select
configure:5217: gcc -o conftest -g -O2   conftest.c  >&5
configure:5223: $? = 0
configure:5241: result: yes
configure:5161: checking for strdup
configure:5217: gcc -o conftest -g -O2   conftest.c  >&5
conftest.c:72: warning: conflicting types for built-in function 'strdup'
configure:5223: $? = 0
configure:5241: result: yes
configure:5161: checking for strerror
configure:5217: gcc -o conftest -g -O2   conftest.c  >&5
configure:5223: $? = 0
configure:5241: result: yes
configure:5255: checking for gethostbyname
configure:5311: gcc -o conftest -g -O2   conftest.c  >&5
configure:5317: $? = 0
configure:5335: result: yes
configure:5493: checking for setsockopt
configure:5549: gcc -o conftest -g -O2   conftest.c  >&5
configure:5555: $? = 0
configure:5573: result: yes
configure:5659: checking for hstrerror
configure:5715: gcc -o conftest -g -O2   conftest.c  >&5
configure:5721: $? = 0
configure:5739: result: yes
configure:5897: checking for getopt_long
configure:5953: gcc -o conftest -g -O2   conftest.c  >&5
configure:5959: $? = 0
configure:5977: result: yes
configure:6159: creating ./config.status

## ---------------------- ##
## Running config.status. ##
## ---------------------- ##

This file was extended by libipfix config.status 1.0, which was
generated by GNU Autoconf 2.61.  Invocation command line was

  CONFIG_FILES    = 
  CONFIG_HEADERS  = 
  CONFIG_LINKS    = 
  CONFIG_COMMANDS = 
  $ ./config.status 

on bgl-ads-2882

config.status:621: creating Makefile
config.status:621: creating lib/Makefile
config.status:621: creating libmisc/Makefile
config.status:621: creating probe/Makefile
config.status:621: creating examples/Makefile
config.status:621: creating collector/Makefile
config.status:621: creating config.h
config.status:884: config.h is unchanged

## ---------------- ##
## Cache variables. ##
## ---------------- ##

ac_cv_build=x86_64-unknown-linux-gnu
ac_cv_c_compiler_gnu=yes
ac_cv_c_const=yes
ac_cv_c_volatile=yes
ac_cv_env_CC_set=
ac_cv_env_CC_value=
ac_cv_env_CFLAGS_set=
ac_cv_env_CFLAGS_value=
ac_cv_env_CPPFLAGS_set=
ac_cv_env_CPPFLAGS_value=
ac_cv_env_CPP_set=
ac_cv_env_CPP_value=
ac_cv_env_LDFLAGS_set=
ac_cv_env_LDFLAGS_value=
ac_cv_env_LIBS_set=
ac_cv_env_LIBS_value=
ac_cv_env_build_alias_set=
ac_cv_env_build_alias_value=
ac_cv_env_host_alias_set=
ac_cv_env_host_alias_value=
ac_cv_env_target_alias_set=
ac_cv_env_target_alias_value=
ac_cv_func__doprnt=no
ac_cv_func_basename=yes
ac_cv_func_gethostbyname=yes
ac_cv_func_getopt_long=yes
ac_cv_func_gettimeofday=yes
ac_cv_func_hstrerror=yes
ac_cv_func_inet_ntoa=yes
ac_cv_func_memmove=yes
ac_cv_func_memset=yes
ac_cv_func_mkdir=yes
ac_cv_func_pcap_breakloop=yes
ac_cv_func_pcap_freecode=yes
ac_cv_func_select=yes
ac_cv_func_select_args='int,fd_set *,struct timeval *'
ac_cv_func_setsockopt=yes
ac_cv_func_strdup=yes
ac_cv_func_strerror=yes
ac_cv_func_strftime=yes
ac_cv_func_vprintf=yes
ac_cv_header_arpa_inet_h=yes
ac_cv_header_fcntl_h=yes
ac_cv_header_getopt_h=yes
ac_cv_header_inttypes_h=yes
ac_cv_header_libgen_h=yes
ac_cv_header_limits_h=yes
ac_cv_header_memory_h=yes
ac_cv_header_netdb_h=yes
ac_cv_header_netinet_in_h=yes
ac_cv_header_stdc=yes
ac_cv_header_stdint_h=yes
ac_cv_header_stdlib_h=yes
ac_cv_header_string_h=yes
ac_cv_header_strings_h=yes
ac_cv_header_sys_select_h=yes
ac_cv_header_sys_socket_h=yes
ac_cv_header_sys_stat_h=yes
ac_cv_header_sys_time_h=yes
ac_cv_header_sys_types_h=yes
ac_cv_header_time=yes
ac_cv_header_unistd_h=yes
ac_cv_host=x86_64-unknown-linux-gnu
ac_cv_lib_mysqlclient_mysql_init=no
ac_cv_lib_pcap___pcap_open_live=yes
ac_cv_objext=o
ac_cv_path_EGREP='/router/bin/grep -E'
ac_cv_path_GREP=/router/bin/grep
ac_cv_path_OPENSSL=/router/bin/openssl
ac_cv_path_install='/usr/bin/install -c'
ac_cv_prog_CPP='gcc -E'
ac_cv_prog_ac_ct_CC=gcc
ac_cv_prog_cc_c89=
ac_cv_prog_cc_g=yes
ac_cv_target=x86_64-unknown-linux-gnu
ac_cv_type_signal=void
ac_cv_type_size_t=yes

## ----------------- ##
## Output variables. ##
## ----------------- ##

CC='gcc'
CFLAGS='-g -O2'
CPP='gcc -E'
CPPFLAGS=''
DEFS='-DHAVE_CONFIG_H'
ECHO_C=''
ECHO_N='-n'
ECHO_T=''
EGREP='/router/bin/grep -E'
EXEEXT=''
GREP='/router/bin/grep'
INSTALL_DATA='${INSTALL} -m 644'
INSTALL_PROGRAM='${INSTALL}'
INSTALL_SCRIPT='${INSTALL}'
IPFIX_DB_EXAMPLES=''
IPFIX_DB_OBJ=''
IPFIX_SSL_OBJ=''
LDFLAGS=''
LIBOBJS=''
LIBS=''
LTLIBOBJS=''
MYSQLLIBS=''
OBJEXT='o'
OPENSSL='/router/bin/openssl'
PACKAGE_BUGREPORT=''
PACKAGE_NAME='libipfix'
PACKAGE_STRING='libipfix 1.0'
PACKAGE_TARNAME='libipfix'
PACKAGE_VERSION='1.0'
PATH_SEPARATOR=':'
PCAPINCLS=''
PCAPLIBS='-lpcap'
SCTPLIBS=''
SHELL='/bin/sh'
SSLLIBS=''
ac_ct_CC='gcc'
bindir='${exec_prefix}/bin'
build='x86_64-unknown-linux-gnu'
build_alias=''
build_cpu='x86_64'
build_os='linux-gnu'
build_vendor='unknown'
datadir='${datarootdir}'
datarootdir='${prefix}/share'
docdir='${datarootdir}/doc/${PACKAGE_TARNAME}'
dvidir='${docdir}'
exec_prefix='${prefix}'
host='x86_64-unknown-linux-gnu'
host_alias=''
host_cpu='x86_64'
host_os='linux-gnu'
host_vendor='unknown'
htmldir='${docdir}'
includedir='${prefix}/include'
infodir='${datarootdir}/info'
libdir='${exec_prefix}/lib'
libexecdir='${exec_prefix}/libexec'
localedir='${datarootdir}/locale'
localstatedir='${prefix}/var'
mandir='${datarootdir}/man'
oldincludedir='/usr/include'
pdfdir='${docdir}'
prefix='/usr/local'
program_transform_name='s,x,x,'
psdir='${docdir}'
sbindir='${exec_prefix}/sbin'
sharedstatedir='${prefix}/com'
sysconfdir='${prefix}/etc'
target='x86_64-unknown-linux-gnu'
target_alias=''
target_cpu='x86_64'
target_os='linux-gnu'
target_vendor='unknown'

## ----------- ##
## confdefs.h. ##
## ----------- ##

#define PACKAGE_NAME "libipfix"
#define PACKAGE_TARNAME "libipfix"
#define PACKAGE_VERSION "1.0"
#define PACKAGE_STRING "libipfix 1.0"
#define PACKAGE_BUGREPORT ""
#define HAVE_PCAP_BREAKLOOP 1
#define HAVE_PCAP_FREECODE 1
#define STDC_HEADERS 1
#define HAVE_SYS_TYPES_H 1
#define HAVE_SYS_STAT_H 1
#define HAVE_STDLIB_H 1
#define HAVE_STRING_H 1
#define HAVE_MEMORY_H 1
#define HAVE_STRINGS_H 1
#define HAVE_INTTYPES_H 1
#define HAVE_STDINT_H 1
#define HAVE_UNISTD_H 1
#define HAVE_ARPA_INET_H 1
#define HAVE_FCNTL_H 1
#define HAVE_INTTYPES_H 1
#define HAVE_LIMITS_H 1
#define HAVE_NETDB_H 1
#define HAVE_NETINET_IN_H 1
#define HAVE_STDLIB_H 1
#define HAVE_STRING_H 1
#define HAVE_SYS_SOCKET_H 1
#define HAVE_SYS_TIME_H 1
#define HAVE_UNISTD_H 1
#define HAVE_GETOPT_H 1
#define HAVE_LIBGEN_H 1
#define TIME_WITH_SYS_TIME 1
#define HAVE_SYS_SELECT_H 1
#define HAVE_SYS_SOCKET_H 1
#define SELECT_TYPE_ARG1 int
#define SELECT_TYPE_ARG234 (fd_set *)
#define SELECT_TYPE_ARG5 (struct timeval *)
#define RETSIGTYPE void
#define HAVE_STRFTIME 1
#define HAVE_VPRINTF 1
#define HAVE_GETTIMEOFDAY 1
#define HAVE_BASENAME 1
#define HAVE_INET_NTOA 1
#define HAVE_MEMMOVE 1
#define HAVE_MEMSET 1
#define HAVE_MKDIR 1
#define HAVE_SELECT 1
#define HAVE_STRDUP 1
#define HAVE_STRERROR 1
#define HAVE_GETHOSTBYNAME 1
#define HAVE_SETSOCKOPT 1
#define HAVE_HSTRERROR 1
#define HAVE_GETOPT_LONG 1

configure: exit 0
